\BOOKMARK [0][-]{chapter*.3}{\376\377\000L\000i\000s\000t\000\040\000o\000f\000\040\000F\000i\000g\000u\000r\000e\000s}{}% 1
\BOOKMARK [0][-]{chapter*.4}{\376\377\000L\000i\000s\000t\000\040\000o\000f\000\040\000T\000a\000b\000l\000e\000s}{}% 2
\BOOKMARK [0][-]{chapter*.5}{\376\377\000A\000c\000k\000n\000o\000w\000l\000e\000d\000g\000e\000m\000e\000n\000t\000s}{}% 3
\BOOKMARK [0][-]{chapter*.7}{\376\377\000A\000b\000s\000t\000r\000a\000c\000t}{}% 4
\BOOKMARK [0][-]{chapter.8}{\376\377\0001\000\040\000I\000n\000t\000r\000o\000d\000u\000c\000t\000i\000o\000n}{}% 5
\BOOKMARK [0][-]{chapter.16}{\376\377\0002\000\040\000R\000e\000l\000a\000t\000e\000d\000\040\000W\000o\000r\000k}{}% 6
\BOOKMARK [1][-]{section.17}{\376\377\000I\000\040\000F\000e\000a\000t\000u\000r\000e\000\040\000D\000e\000t\000e\000c\000t\000i\000o\000n}{chapter.16}% 7
\BOOKMARK [2][-]{subsection.18}{\376\377\000I\000.\000I\000\040\000S\000I\000F\000T\000:\000\040\000S\000c\000a\000l\000e\000\040\000I\000n\000v\000a\000r\000i\000a\000n\000t\000\040\000F\000e\000a\000t\000u\000r\000e\000\040\000D\000e\000t\000e\000c\000t\000i\000o\000n}{section.17}% 8
\BOOKMARK [2][-]{subsection.21}{\376\377\000I\000.\000I\000I\000\040\000S\000U\000R\000F\000:\000\040\000S\000p\000e\000e\000d\000e\000d\000\040\000U\000p\000\040\000R\000o\000b\000u\000s\000t\000\040\000F\000e\000a\000t\000u\000r\000e\000s}{section.17}% 9
\BOOKMARK [1][-]{section.22}{\376\377\000I\000I\000\040\000M\000a\000c\000h\000i\000n\000e\000\040\000L\000e\000a\000r\000n\000i\000n\000g}{chapter.16}% 10
\BOOKMARK [2][-]{subsection.25}{\376\377\000I\000I\000.\000I\000\040\000L\000I\000B\000S\000V\000M\000:\000\040\000A\000\040\000L\000i\000b\000r\000a\000r\000y\000\040\000f\000o\000r\000\040\000S\000u\000p\000p\000o\000r\000t\000\040\000V\000e\000c\000t\000o\000r\000\040\000M\000a\000c\000h\000i\000n\000e\000s}{section.22}% 11
\BOOKMARK [1][-]{section.28}{\376\377\000I\000I\000I\000\040\000B\000a\000c\000k\000g\000r\000o\000u\000n\000d\000\040\000S\000u\000b\000t\000r\000a\000c\000t\000i\000o\000n}{chapter.16}% 12
\BOOKMARK [2][-]{subsection.29}{\376\377\000I\000I\000I\000.\000I\000\040\000R\000u\000n\000n\000i\000n\000g\000\040\000G\000a\000u\000s\000s\000i\000a\000n\000\040\000A\000v\000e\000r\000a\000g\000e}{section.28}% 13
\BOOKMARK [2][-]{subsection.32}{\376\377\000I\000I\000I\000.\000I\000I\000\040\000M\000i\000x\000t\000u\000r\000e\000\040\000o\000f\000\040\000G\000a\000u\000s\000s\000i\000a\000n\000s\000\040\000\050\000M\000O\000G\000\051}{section.28}% 14
\BOOKMARK [2][-]{subsection.34}{\376\377\000I\000I\000I\000.\000I\000I\000I\000\040\000V\000i\000B\000e}{section.28}% 15
\BOOKMARK [2][-]{subsection.35}{\376\377\000I\000I\000I\000.\000I\000V\000\040\000P\000i\000x\000e\000l\000-\000B\000a\000s\000e\000d\000\040\000A\000d\000a\000p\000t\000i\000v\000e\000\040\000S\000e\000g\000m\000e\000n\000t\000a\000t\000i\000o\000n\000\040\000\050\000P\000B\000A\000S\000\051}{section.28}% 16
\BOOKMARK [2][-]{subsection.36}{\376\377\000I\000I\000I\000.\000V\000\040\000B\000a\000c\000k\000g\000r\000o\000u\000n\000d\000\040\000S\000u\000b\000t\000r\000a\000c\000t\000i\000o\000n\000\040\000o\000n\000\040\000D\000i\000s\000t\000r\000i\000b\000u\000t\000i\000o\000n\000s}{section.28}% 17
\BOOKMARK [2][-]{subsection.37}{\376\377\000I\000I\000I\000.\000V\000I\000\040\000M\000o\000t\000i\000o\000n\000M\000e\000e\000r\000k\000a\000t}{section.28}% 18
\BOOKMARK [0][-]{chapter.38}{\376\377\0003\000\040\000M\000e\000t\000h\000o\000d\000o\000l\000o\000g\000y}{}% 19
\BOOKMARK [1][-]{section.39}{\376\377\000I\000\040\000F\000e\000a\000t\000u\000r\000e\000\040\000D\000e\000t\000e\000c\000t\000i\000o\000n\000\040\000a\000n\000d\000\040\000M\000a\000c\000h\000i\000n\000e\000\040\000L\000e\000a\000r\000n\000i\000n\000g}{chapter.38}% 20
\BOOKMARK [2][-]{subsection.40}{\376\377\000I\000.\000I\000\040\000E\000x\000p\000e\000r\000t\000\040\000C\000l\000a\000s\000s\000i\000f\000i\000c\000a\000t\000i\000o\000n}{section.39}% 21
\BOOKMARK [2][-]{subsection.41}{\376\377\000I\000.\000I\000I\000\040\000D\000e\000s\000c\000r\000i\000p\000t\000o\000r\000\040\000C\000o\000l\000l\000e\000c\000t\000i\000o\000n}{section.39}% 22
\BOOKMARK [2][-]{subsection.42}{\376\377\000I\000.\000I\000I\000I\000\040\000T\000r\000a\000i\000n\000\040\000S\000V\000M}{section.39}% 23
\BOOKMARK [2][-]{subsection.44}{\376\377\000I\000.\000I\000V\000\040\000M\000e\000a\000s\000u\000r\000e\000\040\000E\000r\000r\000o\000r}{section.39}% 24
\BOOKMARK [2][-]{subsection.47}{\376\377\000I\000.\000V\000\040\000T\000e\000s\000t\000i\000n\000g}{section.39}% 25
\BOOKMARK [1][-]{section.52}{\376\377\000I\000I\000\040\000B\000a\000c\000k\000g\000r\000o\000u\000n\000d\000\040\000S\000u\000b\000t\000r\000a\000c\000t\000i\000o\000n}{chapter.38}% 26
\BOOKMARK [2][-]{subsection.56}{\376\377\000I\000I\000.\000I\000\040\000A\000l\000g\000o\000r\000i\000t\000h\000m\000\040\000M\000o\000d\000i\000f\000i\000c\000a\000t\000i\000o\000n\000s}{section.52}% 27
\BOOKMARK [2][-]{subsection.57}{\376\377\000I\000I\000.\000I\000I\000\040\000E\000v\000e\000n\000t\000\040\000C\000a\000l\000c\000u\000l\000a\000t\000i\000o\000n}{section.52}% 28
\BOOKMARK [0][-]{chapter.63}{\376\377\0004\000\040\000R\000e\000s\000u\000l\000t\000s}{}% 29
\BOOKMARK [1][-]{section.64}{\376\377\000I\000\040\000F\000e\000a\000t\000u\000r\000e\000\040\000D\000e\000t\000e\000c\000t\000i\000o\000n\000\040\000a\000n\000d\000\040\000M\000a\000c\000h\000i\000n\000e\000\040\000L\000e\000a\000r\000n\000i\000n\000g}{chapter.63}% 30
\BOOKMARK [2][-]{subsection.65}{\376\377\000I\000.\000I\000\040\000V\000i\000d\000e\000o\000\040\000I\000d\000e\000n\000t\000i\000f\000i\000c\000a\000t\000i\000o\000n\000\040\000R\000e\000s\000u\000l\000t\000s}{section.64}% 31
\BOOKMARK [2][-]{subsection.66}{\376\377\000I\000.\000I\000I\000\040\000T\000e\000r\000n\000\040\000P\000r\000e\000s\000e\000n\000c\000e\000\040\000C\000o\000r\000r\000e\000l\000a\000t\000i\000o\000n}{section.64}% 32
\BOOKMARK [2][-]{subsection.69}{\376\377\000I\000.\000I\000I\000I\000\040\000E\000f\000f\000e\000c\000t\000i\000v\000e\000n\000e\000s\000s\000\040\000o\000f\000\040\000F\000e\000a\000t\000u\000r\000e\000\040\000D\000e\000t\000e\000c\000t\000i\000o\000n\000\040\000a\000n\000d\000\040\000M\000a\000c\000h\000i\000n\000e\000\040\000L\000e\000a\000r\000n\000i\000n\000g}{section.64}% 33
\BOOKMARK [1][-]{section.70}{\376\377\000I\000I\000\040\000B\000a\000c\000k\000g\000r\000o\000u\000n\000d\000\040\000S\000u\000b\000t\000r\000a\000c\000t\000i\000o\000n}{chapter.63}% 34
\BOOKMARK [2][-]{subsection.71}{\376\377\000I\000I\000.\000I\000\040\000D\000e\000t\000e\000c\000t\000i\000n\000g\000\040\000E\000v\000e\000n\000t\000s\000\040\000w\000i\000t\000h\000\040\000B\000a\000c\000k\000g\000r\000o\000u\000n\000d\000\040\000S\000u\000b\000t\000r\000a\000c\000t\000i\000o\000n}{section.70}% 35
\BOOKMARK [2][-]{subsection.77}{\376\377\000I\000I\000.\000I\000I\000\040\000A\000n\000a\000l\000y\000s\000i\000s\000\040\000o\000f\000\040\000F\000a\000l\000s\000e\000\040\000P\000o\000s\000i\000t\000i\000v\000e\000s}{section.70}% 36
\BOOKMARK [2][-]{subsection.80}{\376\377\000I\000I\000.\000I\000I\000I\000\040\000E\000f\000f\000e\000c\000t\000i\000v\000e\000n\000e\000s\000s\000\040\000o\000f\000\040\000B\000a\000c\000k\000g\000r\000o\000u\000n\000d\000\040\000S\000u\000b\000t\000r\000a\000c\000t\000i\000o\000n}{section.70}% 37
\BOOKMARK [0][-]{chapter.85}{\376\377\0005\000\040\000C\000o\000n\000c\000l\000u\000s\000i\000o\000n}{}% 38
\BOOKMARK [1][-]{section.86}{\376\377\000I\000\040\000F\000e\000a\000t\000u\000r\000e\000\040\000D\000e\000t\000e\000c\000t\000i\000o\000n\000\040\000a\000n\000d\000\040\000M\000a\000c\000h\000i\000n\000e\000\040\000L\000e\000a\000r\000n\000i\000n\000g}{chapter.85}% 39
\BOOKMARK [1][-]{section.87}{\376\377\000I\000I\000\040\000B\000a\000c\000k\000g\000r\000o\000u\000n\000d\000\040\000S\000u\000b\000t\000r\000a\000c\000t\000i\000o\000n}{chapter.85}% 40
\BOOKMARK [0][-]{appendix*.88}{\376\377\000B\000i\000b\000l\000i\000o\000g\000r\000a\000p\000h\000y}{}% 41
